<?xml version="1.0" encoding="UTF-8"?>
<!-- Generated by org.testng.reporters.JUnitXMLReporter -->
<testsuite ignored="0" hostname="GBSBHL1203-PC" failures="1" tests="1" name="Test" time="16.138" errors="0" timestamp="2023-06-28T06:42:34 IST">
  <testcase classname="com.empmonitor.testcases.LoginTestCase" name="verifyTheLogin" time="8.116">
    <failure type="java.lang.NullPointerException">
      <![CDATA[java.lang.NullPointerException
at java.base/java.io.File.<init>(File.java:278)
at com.empmonitor.testcases.BaseClasss.screenshot(BaseClasss.java:66)
at com.empmonitor.testcases.LoginTestCase.verifyTheLogin(LoginTestCase.java:40)
at java.base/java.util.ArrayList.forEach(ArrayList.java:1511)
... Removed 27 stack frames]]>
    </failure>
  </testcase> <!-- verifyTheLogin -->
</testsuite> <!-- Test -->
