<?xml version="1.0" encoding="UTF-8"?>
<!-- Generated by org.testng.reporters.JUnitXMLReporter -->
<testsuite ignored="0" hostname="GBSBHL1203-PC" failures="0" tests="1" name="Test" time="0.059" errors="0" timestamp="2023-06-28T04:14:45 IST">
  <testcase classname="com.empmonitor.testcases.BaseClasss" name="@BeforeClass setup" time="0.007">
    <failure type="java.lang.NullPointerException" message="Cannot invoke &amp;quot;org.openqa.selenium.WebDriver.manage()&amp;quot; because &amp;quot;com.empmonitor.testcases.BaseClasss.driver&amp;quot; is null">
      <![CDATA[java.lang.NullPointerException: Cannot invoke "org.openqa.selenium.WebDriver.manage()" because "com.empmonitor.testcases.BaseClasss.driver" is null
at com.empmonitor.testcases.BaseClasss.setup(BaseClasss.java:40)
at java.base/java.util.ArrayList.forEach(ArrayList.java:1511)
... Removed 25 stack frames]]>
    </failure>
  </testcase> <!-- @BeforeClass setup -->
  <testcase classname="com.empmonitor.testcases.BaseClasss" name="@AfterClass Teardown" time="-1.687905885081E9">
    <skipped/>
  </testcase> <!-- @AfterClass Teardown -->
  <testcase classname="com.empmonitor.testcases.LoginTestCase" name="verifyTheLogin" time="0.0">
    <skipped/>
  </testcase> <!-- verifyTheLogin -->
</testsuite> <!-- Test -->
