<?xml version="1.0" encoding="UTF-8"?>
<testng-results ignored="0" total="1" passed="1" failed="0" skipped="0">
  <reporter-output>
  </reporter-output>
  <suite started-at="2023-06-28T04:51:46 IST" name="Default suite" finished-at="2023-06-28T04:52:07 IST" duration-ms="20357">
    <groups>
    </groups>
    <test started-at="2023-06-28T04:51:46 IST" name="Default test" finished-at="2023-06-28T04:52:07 IST" duration-ms="20357">
      <class name="com.empmonitor.testcases.LoginTestCase">
        <test-method is-config="true" signature="setup()[pri:0, instance:com.empmonitor.testcases.LoginTestCase@3012646b]" started-at="2023-06-28T04:51:46 IST" name="setup" finished-at="2023-06-28T04:51:59 IST" duration-ms="12274" status="PASS">
          <reporter-output>
          </reporter-output>
        </test-method> <!-- setup -->
        <test-method signature="verifyTheLogin()[pri:0, instance:com.empmonitor.testcases.LoginTestCase@3012646b]" started-at="2023-06-28T04:51:59 IST" name="verifyTheLogin" finished-at="2023-06-28T04:52:06 IST" duration-ms="7427" status="PASS">
          <reporter-output>
          </reporter-output>
        </test-method> <!-- verifyTheLogin -->
        <test-method is-config="true" signature="Teardown()[pri:0, instance:com.empmonitor.testcases.LoginTestCase@3012646b]" started-at="2023-06-28T04:52:06 IST" name="Teardown" finished-at="2023-06-28T04:52:07 IST" duration-ms="527" status="PASS">
          <reporter-output>
          </reporter-output>
        </test-method> <!-- Teardown -->
      </class> <!-- com.empmonitor.testcases.LoginTestCase -->
    </test> <!-- Default test -->
  </suite> <!-- Default suite -->
</testng-results>
